   Compiling windows-sys v0.52.0
   Compiling zstd-sys v2.0.16+zstd.1.5.7
   Compiling windows-sys v0.48.0
   Compiling indexmap v2.11.1
   Compiling num-traits v0.2.19
   Compiling yoke v0.8.0
   Compiling ring v0.17.14
   Compiling atom-ipc v1.0.0-alpha.1 (C:\Users\1\Documents\GitHub\MAGRAY\crates\atom-ipc)
   Compiling tokio-native-tls v0.3.1
   Compiling tree-sitter v0.25.9
   Compiling cosmic-text v0.14.2
   Compiling zerovec v0.11.4
   Compiling zerotrie v0.2.2
   Compiling gimli v0.29.0
   Compiling toml_edit v0.22.27
   Compiling wasmparser v0.217.1
   Compiling h2 v0.4.12
   Compiling object v0.36.7
   Compiling num-integer v0.1.46
   Compiling zstd-safe v7.2.4
   Compiling wasmtime-jit-icache-coherence v25.0.3
   Compiling wasmtime-fiber v25.0.3
   Compiling nu-ansi-term v0.50.1
   Compiling num-bigint v0.4.6
   Compiling zstd v0.13.3
   Compiling dirs-sys v0.4.1
   Compiling dirs v5.0.1
   Compiling tinystr v0.8.1
   Compiling potential_utf v0.1.3
   Compiling tracing-subscriber v0.3.20
   Compiling icu_collections v2.0.0
   Compiling icu_locale_core v2.0.0
   Compiling simple_asn1 v0.6.3
   Compiling toml v0.8.23
   Compiling hyper v1.7.0
   Compiling icu_provider v2.0.0
   Compiling atom-settings v1.0.0-alpha.1 (C:\Users\1\Documents\GitHub\MAGRAY\crates\atom-settings)
   Compiling wasmtime-cache v25.0.3
   Compiling rustls-webpki v0.103.4
   Compiling jsonwebtoken v9.3.1
   Compiling icu_normalizer v2.0.0
   Compiling icu_properties v2.0.1
   Compiling atom-core v1.0.0-alpha.1 (C:\Users\1\Documents\GitHub\MAGRAY\crates\atom-core)
   Compiling atom-persistence v1.0.0-alpha.1 (C:\Users\1\Documents\GitHub\MAGRAY\crates\atom-persistence)
   Compiling hyper-util v0.1.16
   Compiling rustls v0.23.31
   Compiling cranelift-codegen v0.112.3
   Compiling addr2line v0.22.0
   Compiling hyper-tls v0.6.0
   Compiling wasmtime-jit-debug v25.0.3
   Compiling wasmtime-types v25.0.3
   Compiling wasmprinter v0.217.1
   Compiling idna_adapter v1.2.1
   Compiling idna v1.1.0
   Compiling wasmtime-environ v25.0.3
   Compiling url v2.5.7
   Compiling lsp-types v0.95.1
   Compiling tokio-rustls v0.26.2
   Compiling hyper-rustls v0.27.7
   Compiling reqwest v0.12.23
   Compiling atom-ai v1.0.0-alpha.1 (C:\Users\1\Documents\GitHub\MAGRAY\crates\atom-ai)
   Compiling atom-lsp v1.0.0-alpha.1 (C:\Users\1\Documents\GitHub\MAGRAY\crates\atom-lsp)
   Compiling cranelift-frontend v0.112.3
   Compiling cranelift-native v0.112.3
   Compiling cranelift-wasm v0.112.3
   Compiling wasmtime-cranelift v25.0.3
   Compiling wasmtime v25.0.3
   Compiling atom-sandbox v1.0.0-alpha.1 (C:\Users\1\Documents\GitHub\MAGRAY\crates\atom-sandbox)
   Compiling atom-plugin v1.0.0-alpha.1 (C:\Users\1\Documents\GitHub\MAGRAY\crates\atom-plugin)
   Compiling atomd v1.0.0-alpha.1 (C:\Users\1\Documents\GitHub\MAGRAY\apps\atomd)
    Finished `dev` profile [unoptimized + debuginfo] target(s) in 21.85s
     Running `target\debug\atomd.exe`
